<?xml version="1.0" encoding="UTF-8" standalone="no"?><testsuite errors="0" failures="0" name="com.example.e2e.browser.LichessAuthIT" skipped="2" tests="2" time="1.95" timestamp="2022-02-01 10:21:36"><testcase classname="com.example.e2e.browser.LichessAuthIT" name="where too many logins from same IP triggers too-many-requests"><skipped/></testcase><testcase classname="com.example.e2e.browser.LichessAuthIT" name="where reusing browser session cookie skips login form"><skipped/></testcase></testsuite>