<?xml version="1.0" encoding="UTF-8" standalone="no"?><testsuite errors="0" failures="0" name="com.example.e2e.browser.LichessTutorialIT" skipped="3" tests="3" time="2.0" timestamp="2022-02-01 10:21:36"><testcase classname="com.example.e2e.browser.LichessTutorialIT" name="when playing the first tutorial, the rest"><skipped/></testcase><testcase classname="com.example.e2e.browser.LichessTutorialIT" name="when playing the first tutorial, part one"><skipped/></testcase><testcase classname="com.example.e2e.browser.LichessTutorialIT" name="when playing the first tutorial, part two"><skipped/></testcase></testsuite>